  Main.cpp
<<<<<<< HEAD
c:\users\sjohnstone18\desktop\final-project-data-structures\final project\final project\er.h(55): warning C4018: '<': signed/unsigned mismatch
c:\users\sjohnstone18\desktop\final-project-data-structures\final project\final project\er.h(106): warning C4018: '<': signed/unsigned mismatch
c:\users\sjohnstone18\desktop\final-project-data-structures\final project\final project\er.h(125): warning C4018: '<': signed/unsigned mismatch
c:\users\sjohnstone18\desktop\final-project-data-structures\final project\final project\main.cpp(33): warning C4018: '<': signed/unsigned mismatch
c:\users\sjohnstone18\desktop\final-project-data-structures\final project\final project\main.cpp(50): warning C4018: '<': signed/unsigned mismatch
c:\users\sjohnstone18\desktop\final-project-data-structures\final project\final project\main.cpp(62): warning C4101: 'maxtime': unreferenced local variable
  LINK : C:\Users\sjohnstone18\Desktop\Final-Project-Data-Structures\Final project\Debug\Final Project.exe not found or not built by the last incremental link; performing full link
  Final Project.vcxproj -> C:\Users\sjohnstone18\Desktop\Final-Project-Data-Structures\Final project\Debug\Final Project.exe
  Final Project.vcxproj -> C:\Users\sjohnstone18\Desktop\Final-Project-Data-Structures\Final project\Debug\Final Project.pdb (Full PDB)
=======
c:\users\tstitt18\documents\github\final\final-project-data-structures\final project\final project\er.h(55): warning C4018: '<': signed/unsigned mismatch
c:\users\tstitt18\documents\github\final\final-project-data-structures\final project\final project\er.h(93): warning C4018: '<': signed/unsigned mismatch
c:\users\tstitt18\documents\github\final\final-project-data-structures\final project\final project\er.h(112): warning C4018: '<': signed/unsigned mismatch
c:\users\tstitt18\documents\github\final\final-project-data-structures\final project\final project\main.cpp(34): warning C4018: '<': signed/unsigned mismatch
c:\users\tstitt18\documents\github\final\final-project-data-structures\final project\final project\main.cpp(51): warning C4018: '<': signed/unsigned mismatch
c:\users\tstitt18\documents\github\final\final-project-data-structures\final project\final project\main.cpp(68): warning C4101: 'maxtime': unreferenced local variable
  LINK : C:\Users\tstitt18\Documents\GitHub\Final\Final-Project-Data-Structures\Final project\Debug\Final Project.exe not found or not built by the last incremental link; performing full link
  Final Project.vcxproj -> C:\Users\tstitt18\Documents\GitHub\Final\Final-Project-Data-Structures\Final project\Debug\Final Project.exe
  Final Project.vcxproj -> C:\Users\tstitt18\Documents\GitHub\Final\Final-Project-Data-Structures\Final project\Debug\Final Project.pdb (Full PDB)
>>>>>>> 5365767dcbc49cb72ddc58b38b9da6e38f8ec9d7
